<?xml version="1.0" encoding="UTF-8"?>
<!-- Generated by org.testng.reporters.JUnitReportReporter -->
<testsuite hostname="DESKTOP-7NMSRQD" failures="0" tests="2" name="tests.LoginTest" time="13.141" errors="0" timestamp="2025-06-10T16:13:18 IST" skipped="0">
  <testcase classname="tests.LoginTest" name="validLogin" time="5.144"/>
  <testcase classname="tests.LoginTest" name="invalidLogin" time="7.997"/>
</testsuite> <!-- tests.LoginTest -->
