<?xml version="1.0" encoding="UTF-8"?>
<!-- Generated by org.testng.reporters.JUnitReportReporter -->
<testsuite hostname="DESKTOP-7NMSRQD" failures="0" tests="2" name="tests.LoginTest" time="21.139" errors="0" timestamp="2025-06-11T21:23:16 IST" skipped="0">
  <testcase classname="tests.LoginTest" name="validLogin" time="15.041"/>
  <testcase classname="tests.LoginTest" name="invalidLogin" time="6.098"/>
</testsuite> <!-- tests.LoginTest -->
