<?xml version="1.0" encoding="UTF-8"?>
<!-- Generated by org.testng.reporters.JUnitReportReporter -->
<testsuite hostname="DESKTOP-7NMSRQD" failures="0" tests="6" name="tests.LoginTest" time="27.701" errors="0" timestamp="2025-06-13T18:25:21 IST" skipped="0">
  <testcase classname="tests.LoginTest" name="validLogin" time="4.035"/>
  <testcase classname="tests.LoginTest" name="validLogin" time="4.168"/>
  <testcase classname="tests.LoginTest" name="validLogin" time="4.880"/>
  <testcase classname="tests.LoginTest" name="validLogin" time="6.997"/>
  <testcase classname="tests.LoginTest" name="validLogin" time="3.696"/>
  <testcase classname="tests.LoginTest" name="invalidLogin" time="3.925"/>
</testsuite> <!-- tests.LoginTest -->
