<?xml version="1.0" encoding="UTF-8"?>
<!-- Generated by org.testng.reporters.JUnitReportReporter -->
<testsuite hostname="DESKTOP-7NMSRQD" failures="0" tests="2" name="tests.LoginTest" time="9.415" errors="0" timestamp="2025-06-10T18:07:47 IST" skipped="0">
  <testcase classname="tests.LoginTest" name="validLogin" time="4.945"/>
  <testcase classname="tests.LoginTest" name="invalidLogin" time="4.470"/>
</testsuite> <!-- tests.LoginTest -->
