<?xml version="1.0" encoding="UTF-8"?>
<!-- Generated by org.testng.reporters.JUnitReportReporter -->
<testsuite hostname="DESKTOP-7NMSRQD" failures="0" tests="6" name="tests.LoginTest" time="26.350" errors="0" timestamp="2025-06-12T18:24:01 IST" skipped="0">
  <testcase classname="tests.LoginTest" name="validLogin" time="3.599"/>
  <testcase classname="tests.LoginTest" name="validLogin" time="4.042"/>
  <testcase classname="tests.LoginTest" name="validLogin" time="4.427"/>
  <testcase classname="tests.LoginTest" name="validLogin" time="4.042"/>
  <testcase classname="tests.LoginTest" name="validLogin" time="6.243"/>
  <testcase classname="tests.LoginTest" name="invalidLogin" time="3.997"/>
</testsuite> <!-- tests.LoginTest -->
