<?xml version="1.0" encoding="UTF-8"?>
<!-- Generated by org.testng.reporters.JUnitReportReporter -->
<testsuite hostname="DESKTOP-7NMSRQD" failures="0" tests="6" name="tests.LoginTest" time="23.626" errors="0" timestamp="2025-06-14T07:50:34 IST" skipped="0">
  <testcase classname="tests.LoginTest" name="validLogin" time="3.706"/>
  <testcase classname="tests.LoginTest" name="validLogin" time="3.657"/>
  <testcase classname="tests.LoginTest" name="validLogin" time="4.154"/>
  <testcase classname="tests.LoginTest" name="validLogin" time="4.043"/>
  <testcase classname="tests.LoginTest" name="validLogin" time="3.909"/>
  <testcase classname="tests.LoginTest" name="invalidLogin" time="4.157"/>
</testsuite> <!-- tests.LoginTest -->
