<?xml version="1.0" encoding="UTF-8"?>
<!-- Generated by org.testng.reporters.JUnitReportReporter -->
<testsuite hostname="DESKTOP-7NMSRQD" failures="0" tests="1" name="tests.LoginTest" time="7.208" errors="0" timestamp="2025-06-09T10:39:58 IST" skipped="0">
  <testcase classname="tests.LoginTest" name="validLogin" time="7.208"/>
</testsuite> <!-- tests.LoginTest -->
